#
# There is insufficient memory for the Java Runtime Environment to continue.
# Native memory allocation (malloc) failed to allocate 32784 bytes for Chunk::new
# Possible reasons:
#   The system is out of physical RAM or swap space
#   In 32 bit mode, the process size limit was hit
# Possible solutions:
#   Reduce memory load on the system
#   Increase physical memory or swap space
#   Check if swap backing store is full
#   Use 64 bit Java on a 64 bit OS
#   Decrease Java heap size (-Xmx/-Xms)
#   Decrease number of Java threads
#   Decrease Java thread stack sizes (-Xss)
#   Set larger code cache with -XX:ReservedCodeCacheSize=
# This output file may be truncated or incomplete.
#
#  Out of Memory Error (allocation.cpp:390), pid=8984, tid=6768
#
# JRE version: Java(TM) SE Runtime Environment (8.0_91-b15) (build 1.8.0_91-b15)
# Java VM: Java HotSpot(TM) 64-Bit Server VM (25.91-b15 mixed mode windows-amd64 compressed oops)
# Failed to write core dump. Minidumps are not enabled by default on client versions of Windows
#

---------------  T H R E A D  ---------------

Current thread (0x000000001d227000):  JavaThread "C2 CompilerThread1" daemon [_thread_in_native, id=6768, stack(0x000000001d8d0000,0x000000001d9d0000)]

Stack: [0x000000001d8d0000,0x000000001d9d0000]
[error occurred during error reporting (printing stack bounds), id 0xc0000005]

Native frames: (J=compiled Java code, j=interpreted, Vv=VM code, C=native code)


Current CompileTask:
C2:   5051 1225       4       com.android.dx.ssa.SCCP::simulateStmt (481 bytes)


---------------  P R O C E S S  ---------------

Java Threads: ( => current thread )
  0x000000001d374800 JavaThread "pool-2-thread-4" [_thread_in_vm, id=8104, stack(0x000000001e0d0000,0x000000001e1d0000)]
  0x000000001d373000 JavaThread "pool-2-thread-3" [_thread_blocked, id=2928, stack(0x000000001dfd0000,0x000000001e0d0000)]
  0x000000001d372000 JavaThread "pool-2-thread-2" [_thread_in_Java, id=7612, stack(0x000000001ded0000,0x000000001dfd0000)]
  0x000000001d371000 JavaThread "pool-3-thread-1" [_thread_blocked, id=188, stack(0x000000001ddd0000,0x000000001ded0000)]
  0x000000001d230000 JavaThread "Service Thread" daemon [_thread_blocked, id=9380, stack(0x000000001dad0000,0x000000001dbd0000)]
  0x000000001d22a000 JavaThread "C1 CompilerThread2" daemon [_thread_in_native, id=5436, stack(0x000000001d9d0000,0x000000001dad0000)]
=>0x000000001d227000 JavaThread "C2 CompilerThread1" daemon [_thread_in_native, id=6768, stack(0x000000001d8d0000,0x000000001d9d0000)]
  0x000000001beda000 JavaThread "C2 CompilerThread0" daemon [_thread_in_native, id=10920, stack(0x000000001d7d0000,0x000000001d8d0000)]
  0x000000001bed8800 JavaThread "Attach Listener" daemon [_thread_blocked, id=11324, stack(0x000000001d6d0000,0x000000001d7d0000)]
  0x000000001d1d8800 JavaThread "Signal Dispatcher" daemon [_thread_blocked, id=9844, stack(0x000000001d5d0000,0x000000001d6d0000)]
  0x000000001be6a800 JavaThread "Finalizer" daemon [_thread_blocked, id=8244, stack(0x000000001d0d0000,0x000000001d1d0000)]
  0x000000000279f800 JavaThread "Reference Handler" daemon [_thread_blocked, id=10348, stack(0x000000001cfd0000,0x000000001d0d0000)]
  0x00000000026b1000 JavaThread "main" [_thread_blocked, id=11112, stack(0x00000000024c0000,0x00000000025c0000)]

Other Threads:
  0x000000001be48000 VMThread [stack: 0x000000001ced0000,0x000000001cfd0000] [id=10896]
  0x000000001d281800 WatcherThread [stack: 0x000000001dbd0000,0x000000001dcd0000] [id=6168]

VM state:not at safepoint (normal execution)

VM Mutex/Monitor currently owned by a thread: None

Heap:
 PSYoungGen      total 37888K, used 21970K [0x000000076ab00000, 0x000000076f500000, 0x00000007c0000000)
  eden space 32768K, 51% used [0x000000076ab00000,0x000000076bb785c0,0x000000076cb00000)
  from space 5120K, 99% used [0x000000076cb00000,0x000000076cffc2a8,0x000000076d000000)
  to   space 5120K, 0% used [0x000000076f000000,0x000000076f000000,0x000000076f500000)
 ParOldGen       total 86016K, used 1563K [0x00000006c0000000, 0x00000006c5400000, 0x000000076ab00000)
  object space 86016K, 1% used [0x00000006c0000000,0x00000006c0186f00,0x00000006c5400000)
 Metaspace       used 6086K, capacity 6936K, committed 7168K, reserved 1056768K
  class space    used 609K, capacity 656K, committed 768K, reserved 1048576K

Card table byte_map: [0x0000000011b70000,0x0000000012380000] byte_map_base: 0x000000000e570000

Marking Bits: (ParMarkBitMap*) 0x000000005f4c2f70
 Begin Bits: [0x0000000012ce0000, 0x0000000016ce0000)
 End Bits:   [0x0000000016ce0000, 0x000000001ace0000)

Polling page: 0x00000000020c0000

CodeCache: size=245760Kb used=5008Kb max_used=5008Kb free=240752Kb
 bounds [0x00000000027b0000, 0x0000000002ca0000, 0x00000000117b0000]
 total_blobs=1512 nmethods=1241 adapters=184
 compilation: enabled

Compilation events (10 events):
Event: 5.039 Thread 0x000000001d22a000 1238       3       com.android.dx.ssa.back.LivenessAnalyzer::constructInterferenceGraph (47 bytes)
Event: 5.039 Thread 0x000000001d22a000 nmethod 1238 0x0000000002c88c10 code [0x0000000002c88dc0, 0x0000000002c891f8]
Event: 5.040 Thread 0x000000001d22a000 1243       2       com.android.dx.ssa.back.FirstFitLocalCombiningAllocator::handleUnassociatedParameters (60 bytes)
Event: 5.041 Thread 0x000000001d22a000 nmethod 1243 0x0000000002c83550 code [0x0000000002c836e0, 0x0000000002c839b8]
Event: 5.041 Thread 0x000000001d22a000 1244       2       com.android.dx.ssa.back.FirstFitLocalCombiningAllocator::handleNormalUnassociated (99 bytes)
Event: 5.042 Thread 0x000000001d22a000 nmethod 1244 0x0000000002c867d0 code [0x0000000002c86a00, 0x0000000002c86fd8]
Event: 5.043 Thread 0x000000001beda000 nmethod 1231% 0x0000000002c92310 code [0x0000000002c92480, 0x0000000002c92878]
Event: 5.043 Thread 0x000000001beda000 1233 %     4       com.android.dx.ssa.SsaMethod::deleteInsns @ 8 (239 bytes)
Event: 5.044 Thread 0x000000001d22a000 1246       2       com.android.dx.util.LabeledList::<init> (57 bytes)
Event: 5.045 Thread 0x000000001d22a000 nmethod 1246 0x0000000002c87d50 code [0x0000000002c87f20, 0x0000000002c884f8]

GC Heap History (2 events):
Event: 4.667 GC heap before
{Heap before GC invocations=1 (full 0):
 PSYoungGen      total 37888K, used 32768K [0x000000076ab00000, 0x000000076d500000, 0x00000007c0000000)
  eden space 32768K, 100% used [0x000000076ab00000,0x000000076cb00000,0x000000076cb00000)
  from space 5120K, 0% used [0x000000076d000000,0x000000076d000000,0x000000076d500000)
  to   space 5120K, 0% used [0x000000076cb00000,0x000000076cb00000,0x000000076d000000)
 ParOldGen       total 86016K, used 0K [0x00000006c0000000, 0x00000006c5400000, 0x000000076ab00000)
  object space 86016K, 0% used [0x00000006c0000000,0x00000006c0000000,0x00000006c5400000)
 Metaspace       used 6012K, capacity 6936K, committed 7168K, reserved 1056768K
  class space    used 606K, capacity 656K, committed 768K, reserved 1048576K
Event: 4.761 GC heap after
Heap after GC invocations=1 (full 0):
 PSYoungGen      total 37888K, used 5104K [0x000000076ab00000, 0x000000076f500000, 0x00000007c0000000)
  eden space 32768K, 0% used [0x000000076ab00000,0x000000076ab00000,0x000000076cb00000)
  from space 5120K, 99% used [0x000000076cb00000,0x000000076cffc2a8,0x000000076d000000)
  to   space 5120K, 0% used [0x000000076f000000,0x000000076f000000,0x000000076f500000)
 ParOldGen       total 86016K, used 1563K [0x00000006c0000000, 0x00000006c5400000, 0x000000076ab00000)
  object space 86016K, 1% used [0x00000006c0000000,0x00000006c0186f00,0x00000006c5400000)
 Metaspace       used 6012K, capacity 6936K, committed 7168K, reserved 1056768K
  class space    used 606K, capacity 656K, committed 768K, reserved 1048576K
}

Deoptimization events (8 events):
Event: 3.891 Thread 0x000000001d36e800 Uncommon trap: reason=unstable_if action=reinterpret pc=0x00000000029bd170 method=java.util.HashMap.getNode(ILjava/lang/Object;)Ljava/util/HashMap$Node; @ 62
Event: 4.031 Thread 0x00000000026b1000 Uncommon trap: reason=class_check action=maybe_recompile pc=0x0000000002a37030 method=com.android.dx.ssa.NormalSsaInsn.accept(Lcom/android/dx/ssa/SsaInsn$Visitor;)V @ 9
Event: 4.031 Thread 0x00000000026b1000 Uncommon trap: reason=class_check action=maybe_recompile pc=0x0000000002a37030 method=com.android.dx.ssa.NormalSsaInsn.accept(Lcom/android/dx/ssa/SsaInsn$Visitor;)V @ 9
Event: 4.455 Thread 0x00000000026b1000 Uncommon trap: reason=null_check action=make_not_entrant pc=0x0000000002acaf58 method=com.android.dx.ssa.SsaRenamer.getLocalForNewReg(I)Lcom/android/dx/rop/code/LocalItem; @ 19
Event: 4.491 Thread 0x00000000026b1000 Uncommon trap: reason=unstable_if action=reinterpret pc=0x0000000002b65b8c method=com.android.dx.ssa.SsaRenamer$BlockRenamer.addMapping(ILcom/android/dx/rop/code/RegisterSpec;)V @ 120
Event: 4.581 Thread 0x000000001d373000 Uncommon trap: reason=unstable_if action=reinterpret pc=0x0000000002b64d98 method=com.android.dx.rop.code.RegisterSpec.equals(ILcom/android/dx/rop/type/TypeBearer;Lcom/android/dx/rop/code/LocalItem;)Z @ 42
Event: 4.608 Thread 0x000000001d372000 Uncommon trap: reason=bimorphic action=maybe_recompile pc=0x00000000029f6138 method=java.util.HashMap.getNode(ILjava/lang/Object;)Ljava/util/HashMap$Node; @ 126
Event: 4.634 Thread 0x000000001d374800 Uncommon trap: reason=unstable_if action=reinterpret pc=0x0000000002bd589c method=com.android.dx.rop.cst.Constant.compareTo(Lcom/android/dx/rop/cst/Constant;)I @ 12

Internal exceptions (3 events):
Event: 0.372 Thread 0x00000000026b1000 Exception <a 'java/lang/NoSuchMethodError': Method sun.misc.Unsafe.defineClass(Ljava/lang/String;[BII)Ljava/lang/Class; name or signature does not match> (0x000000076ab07cc0) thrown at [C:\re\workspace\8-2-build-windows-amd64-cygwin\jdk8u91\7017\hotspot\sr½KM,™××?
Event: 0.373 Thread 0x00000000026b1000 Exception <a 'java/lang/NoSuchMethodError': Method sun.misc.Unsafe.prefetchRead(Ljava/lang/Object;J)V name or signature does not match> (0x000000076ab07fa8) thrown at [C:\re\workspace\8-2-build-windows-amd64-cygwin\jdk8u91\7017\hotspot\src\share\vm\prims\j‡¢s%Ò@
Event: 4.455 Thread 0x00000000026b1000 Implicit null exception at 0x0000000002ac9145 to 0x0000000002acaf0d

Events (10 events):
Event: 4.850 loading class com/android/dx/cf/attrib/AttRuntimeVisibleAnnotations done
Event: 4.850 loading class com/android/dx/cf/attrib/BaseAnnotations
Event: 4.850 loading class com/android/dx/cf/attrib/BaseAnnotations done
Event: 4.855 loading class java/util/HashMap$KeySet
Event: 4.855 loading class java/util/HashMap$KeySet done
Event: 4.855 loading class java/util/HashMap$KeyIterator
Event: 4.855 loading class java/util/HashMap$KeyIterator done
Event: 4.873 Thread 0x000000001d36e800 Thread exited: 0x000000001d36e800
Event: 4.946 Executing VM operation: EnableBiasedLocking
Event: 5.026 Executing VM operation: EnableBiasedLocking done


Dynamic libraries:
0x00007ff6e3490000 - 0x00007ff6e34c7000 	C:\Program Files\Java\jdk1.8.0_91\bin\java.exe
0x00007ffeb1020000 - 0x00007ffeb11f1000 	C:\WINDOWS\SYSTEM32\ntdll.dll
0x00007ffeaeb00000 - 0x00007ffeaebab000 	C:\WINDOWS\System32\KERNEL32.DLL
0x00007ffead630000 - 0x00007ffead84d000 	C:\WINDOWS\System32\KERNELBASE.dll
0x00007ffeb0f40000 - 0x00007ffeb0fe2000 	C:\WINDOWS\System32\ADVAPI32.dll
0x00007ffeaed70000 - 0x00007ffeaee0e000 	C:\WINDOWS\System32\msvcrt.dll
0x00007ffeaee10000 - 0x00007ffeaee69000 	C:\WINDOWS\System32\sechost.dll
0x00007ffeb0c00000 - 0x00007ffeb0d21000 	C:\WINDOWS\System32\RPCRT4.dll
0x00007ffeb0d30000 - 0x00007ffeb0e95000 	C:\WINDOWS\System32\USER32.dll
0x00007ffead510000 - 0x00007ffead52e000 	C:\WINDOWS\System32\win32u.dll
0x00007ffeaee80000 - 0x00007ffeaeeb4000 	C:\WINDOWS\System32\GDI32.dll
0x00007ffeae200000 - 0x00007ffeae382000 	C:\WINDOWS\System32\gdi32full.dll
0x00007ffe9ee50000 - 0x00007ffe9f0c9000 	C:\WINDOWS\WinSxS\amd64_microsoft.windows.common-controls_6595b64144ccf1df_6.0.14393.447_none_42191651c6827bb3\COMCTL32.dll
0x00007ffeaef30000 - 0x00007ffeaf1f7000 	C:\WINDOWS\System32\combase.dll
0x00007ffeae100000 - 0x00007ffeae1f5000 	C:\WINDOWS\System32\ucrtbase.dll
0x00007ffeae540000 - 0x00007ffeae5aa000 	C:\WINDOWS\System32\bcryptPrimitives.dll
0x00007ffeb0ff0000 - 0x00007ffeb101e000 	C:\WINDOWS\System32\IMM32.DLL
0x000000005f550000 - 0x000000005f622000 	C:\Program Files\Java\jdk1.8.0_91\jre\bin\msvcr100.dll
0x000000005ecb0000 - 0x000000005f543000 	C:\Program Files\Java\jdk1.8.0_91\jre\bin\server\jvm.dll
0x00007ffeb0be0000 - 0x00007ffeb0be8000 	C:\WINDOWS\System32\PSAPI.DLL
0x00007ffe96900000 - 0x00007ffe96909000 	C:\WINDOWS\SYSTEM32\WSOCK32.dll
0x00007ffeb08d0000 - 0x00007ffeb093a000 	C:\WINDOWS\System32\WS2_32.dll
0x00007ffeab5c0000 - 0x00007ffeab5e3000 	C:\WINDOWS\SYSTEM32\WINMM.dll
0x00007ffeaba00000 - 0x00007ffeaba0a000 	C:\WINDOWS\SYSTEM32\VERSION.dll
0x00007ffeab590000 - 0x00007ffeab5bb000 	C:\WINDOWS\SYSTEM32\WINMMBASE.dll
0x00007ffead530000 - 0x00007ffead572000 	C:\WINDOWS\System32\cfgmgr32.dll
0x000000005eca0000 - 0x000000005ecaf000 	C:\Program Files\Java\jdk1.8.0_91\jre\bin\verify.dll
0x000000005ec70000 - 0x000000005ec99000 	C:\Program Files\Java\jdk1.8.0_91\jre\bin\java.dll
0x000000005ec50000 - 0x000000005ec66000 	C:\Program Files\Java\jdk1.8.0_91\jre\bin\zip.dll
0x00007ffeaf300000 - 0x00007ffeb0809000 	C:\WINDOWS\System32\SHELL32.dll
0x00007ffeada20000 - 0x00007ffeae0fa000 	C:\WINDOWS\System32\windows.storage.dll
0x00007ffead4a0000 - 0x00007ffead4ec000 	C:\WINDOWS\System32\powrprof.dll
0x00007ffeb0870000 - 0x00007ffeb08c2000 	C:\WINDOWS\System32\shlwapi.dll
0x00007ffead4f0000 - 0x00007ffead4ff000 	C:\WINDOWS\System32\kernel.appcore.dll
0x00007ffeae390000 - 0x00007ffeae439000 	C:\WINDOWS\System32\shcore.dll
0x00007ffead480000 - 0x00007ffead494000 	C:\WINDOWS\System32\profapi.dll

VM Arguments:
jvm_args: -Djava.awt.headless=true -Xmx4g -Dfile.encoding=x-windows-949 -Duser.country=KR -Duser.language=ko -Duser.variant 
java_command: com.android.dx.command.Main --dex --force-jumbo --num-threads=4 --multi-dex --output D:\Androidworkspace\FoodtruckUser\app\build\intermediates\transforms\dex\debug\folders\1000\10\instant-run_95bfda709daf46c6ff6eb0e780dff6aa9948e779 D:\Androidworkspace\FoodtruckUser\app\build\intermediates\incremental-runtime-classes\debug\instant-run.jar
java_class_path (initial): D:\AndroidSDK\build-tools\23.0.3\lib\dx.jar
Launcher Type: SUN_STANDARD

Environment Variables:
JAVA_HOME=C:\Program Files\Java\jdk1.8.0_91
CLASSPATH=C:\Program Files\Java\jdk1.8.0_91\lib
PATH=C:\ProgramData\Oracle\Java\javapath;C:\Program Files (x86)\Intel\iCLS Client\;C:\Program Files\Intel\iCLS Client\;C:\WINDOWS\system32;C:\WINDOWS;C:\WINDOWS\System32\Wbem;C:\WINDOWS\System32\WindowsPowerShell\v1.0\;C:\Program Files\Intel\WiFi\bin\;C:\Program Files\Common Files\Intel\WirelessCommon\;C:\Program Files (x86)\Intel\Intel(R) Management Engine Components\DAL;C:\Program Files\Intel\Intel(R) Management Engine Components\DAL;C:\Program Files (x86)\Intel\Intel(R) Management Engine Components\IPT;C:\Program Files\Intel\Intel(R) Management Engine Components\IPT;C:\Program Files\Git\cmd;C:\APM_Setup\Server\Apache\bin;C:\APM_Setup\Server\MySQL5\bin;C:\APM_Setup\Server\PHP5;C:\Program Files\Java\jdk1.8.0_91\bin;C:\Ruby23-x64\bin;C:\Program Files\Intel\WiFi\bin\;C:\Program Files\Common Files\Intel\WirelessCommon\;C:\Program Files\Bandizip\7z;C:\Users\DH\AppData\Local\Microsoft\WindowsApps;C:\Users\DH\AppData\Local\atom\bin
USERNAME=DH
OS=Windows_NT
PROCESSOR_IDENTIFIER=Intel64 Family 6 Model 78 Stepping 3, GenuineIntel



---------------  S Y S T E M  ---------------

OS: Windows 10.0 , 64 bit Build 14393 (10.0.14393.0)

CPU:total 4 (2 cores per cpu, 2 threads per core) family 6 model 78 stepping 3, cmov, cx8, fxsr, mmx, sse, sse2, sse3, ssse3, sse4.1, sse4.2, popcnt, avx, avx2, aes, clmul, erms, 3dnowpref, lzcnt, ht, tsc, tscinvbit, bmi1, bmi2, adx

Memory: 4k page, physical 8248924k(900088k free), swap 18558740k(5184k free)

vm_info: Java HotSpot(TM) 64-Bit Server VM (25.91-b15) for windows-amd64 JRE (1.8.0_91-b15), built on May 20 2016 17:43:15 by "java_re" with MS VC++ 10.0 (VS2010)

time: Thu Dec 01 03:38:43 2016
elapsed time: 5 seconds (0d 0h 0m 5s)

